<?xml version="1.0" encoding="UTF-8"?>
<testsuite xmlns:xsi="http://www.w3.org/2001/XMLSchema-instance" xsi:noNamespaceSchemaLocation="https://maven.apache.org/surefire/maven-surefire-plugin/xsd/surefire-test-report.xsd" version="3.0.2" name="com.skillsync.payment.controller.PaymentControllerTest" time="5.992" tests="3" errors="0" skipped="0" failures="0">
  <properties>
[...]
</properties>
  <testcase name="getPayment_Success" classname="com.skillsync.payment.controller.PaymentControllerTest" time="0.328">
    <system-out><![CDATA[18:25:24.193 [main] INFO org.springframework.test.context.support.AnnotationConfigContextLoaderUtils -- Could not detect default configuration classes for test class [com.skillsync.payment.controller.PaymentControllerTest]: PaymentControllerTest does not declare any static, non-private, non-final, nested classes annotated with @Configuration.
18:25:24.561 [main] INFO org.springframework.boot.test.context.SpringBootTestContextBootstrapper -- Found @SpringBootConfiguration com.skillsync.payment.PaymentServiceApplication for test class com.skillsync.payment.controller.PaymentControllerTest
18:25:24.908 [main] INFO org.springframework.boot.devtools.restart.RestartApplicationListener -- Restart disabled due to context in which it is running

  .   ____          _            __ _ _
 /\\ / ___'_ __ _ _(_)_ __  __ _ \ \ \ \
( ( )\___ | '_ | '_| | '_ \/ _` | \ \ \ \
 \\/  ___)| |_)| | | | | || (_| |  ) ) ) )
  '  |____| .__|_| |_|_| |_\__, | / / / /
 =========|_|==============|___/=/_/_/_/

 :: Spring Boot ::                (v3.4.4)

2026-05-02T18:25:26.669+05:30  WARN 25412 --- [           main] [                                                 ] ory$DuplicateJsonObjectContextCustomizer : 

Found multiple occurrences of org.json.JSONObject on the class path:

	jar:file:/C:/Users/udaya/.m2/repository/com/vaadin/external/google/android-json/0.0.20131108.vaadin1/android-json-0.0.20131108.vaadin1.jar!/org/json/JSONObject.class
	jar:file:/C:/Users/udaya/.m2/repository/org/json/json/20231013/json-20231013.jar!/org/json/JSONObject.class

You may wish to exclude one of them to ensure predictable runtime behavior

2026-05-02T18:25:26.721+05:30  INFO 25412 --- [           main] [                                                 ] c.s.p.controller.PaymentControllerTest   : Starting PaymentControllerTest using Java 21.0.7 with PID 25412 (started by udaya in C:\Users\udaya\Downloads\SkillSync_FullStack\SkillSync-FullStack\Backend\payment-service)
2026-05-02T18:25:26.723+05:30  INFO 25412 --- [           main] [                                                 ] c.s.p.controller.PaymentControllerTest   : No active profile set, falling back to 1 default profile: "default"
2026-05-02T18:25:26.763+05:30  INFO 25412 --- [           main] [                                                 ] o.s.c.c.c.ConfigServerConfigDataLoader   : Fetching config from server at : http://localhost:8888
2026-05-02T18:25:26.764+05:30  INFO 25412 --- [           main] [                                                 ] o.s.c.c.c.ConfigServerConfigDataLoader   : Exception on Url - http://localhost:8888:org.springframework.web.client.ResourceAccessException: I/O error on GET request for "http://localhost:8888/application/default": Connection refused: getsockopt. Will be trying the next url if available
2026-05-02T18:25:26.764+05:30  WARN 25412 --- [           main] [                                                 ] o.s.c.c.c.ConfigServerConfigDataLoader   : Could not locate PropertySource ([ConfigServerConfigDataResource@2aa176de uris = array<String>['http://localhost:8888'], optional = true, profiles = 'default']): I/O error on GET request for "http://localhost:8888/application/default": Connection refused: getsockopt
2026-05-02T18:25:26.764+05:30  INFO 25412 --- [           main] [                                                 ] o.s.c.c.c.ConfigServerConfigDataLoader   : Fetching config from server at : http://localhost:8888
2026-05-02T18:25:26.764+05:30  INFO 25412 --- [           main] [                                                 ] o.s.c.c.c.ConfigServerConfigDataLoader   : Exception on Url - http://localhost:8888:org.springframework.web.client.ResourceAccessException: I/O error on GET request for "http://localhost:8888/application/default": Connection refused: getsockopt. Will be trying the next url if available
2026-05-02T18:25:26.764+05:30  WARN 25412 --- [           main] [                                                 ] o.s.c.c.c.ConfigServerConfigDataLoader   : Could not locate PropertySource ([ConfigServerConfigDataResource@76140ca5 uris = array<String>['http://localhost:8888'], optional = true, profiles = 'default']): I/O error on GET request for "http://localhost:8888/application/default": Connection refused: getsockopt
2026-05-02T18:25:26.764+05:30  INFO 25412 --- [           main] [                                                 ] o.s.c.c.c.ConfigServerConfigDataLoader   : Fetching config from server at : http://localhost:8888
2026-05-02T18:25:26.765+05:30  INFO 25412 --- [           main] [                                                 ] o.s.c.c.c.ConfigServerConfigDataLoader   : Exception on Url - http://localhost:8888:org.springframework.web.client.ResourceAccessException: I/O error on GET request for "http://localhost:8888/application/default": Connection refused: getsockopt. Will be trying the next url if available
2026-05-02T18:25:26.766+05:30  WARN 25412 --- [           main] [                                                 ] o.s.c.c.c.ConfigServerConfigDataLoader   : Could not locate PropertySource ([ConfigServerConfigDataResource@47b5c247 uris = array<String>['http://localhost:8888'], optional = true, profiles = 'default']): I/O error on GET request for "http://localhost:8888/application/default": Connection refused: getsockopt
2026-05-02T18:25:29.326+05:30  INFO 25412 --- [           main] [                                                 ] o.s.b.t.m.w.SpringBootMockServletContext : Initializing Spring TestDispatcherServlet ''
2026-05-02T18:25:29.326+05:30  INFO 25412 --- [           main] [                                                 ] o.s.t.web.servlet.TestDispatcherServlet  : Initializing Servlet ''
2026-05-02T18:25:29.330+05:30  INFO 25412 --- [           main] [                                                 ] o.s.t.web.servlet.TestDispatcherServlet  : Completed initialization in 2 ms
2026-05-02T18:25:29.392+05:30  INFO 25412 --- [           main] [                                                 ] c.s.p.controller.PaymentControllerTest   : Started PaymentControllerTest in 4.516 seconds (process running for 10.431)
]]></system-out>
  </testcase>
  <testcase name="verifyPayment_Success" classname="com.skillsync.payment.controller.PaymentControllerTest" time="0.183"/>
  <testcase name="createOrder_Success" classname="com.skillsync.payment.controller.PaymentControllerTest" time="0.025"/>
</testsuite>