<?xml version="1.0" encoding="UTF-8"?>
<testsuite xmlns:xsi="http://www.w3.org/2001/XMLSchema-instance" xsi:noNamespaceSchemaLocation="https://maven.apache.org/surefire/maven-surefire-plugin/xsd/surefire-test-report.xsd" version="3.0.2" name="com.skillsync.apigateway.config.CorsConfigTest" time="1.319" tests="1" errors="0" skipped="0" failures="0">
  <properties>
[...]
</properties>
  <testcase name="shouldCreateCorsWebFilterWithExpectedConfiguration" classname="com.skillsync.apigateway.config.CorsConfigTest" time="1.318"/>
</testsuite>